[debug] [2022-09-14T10:23:31.198Z] ----------------------------------------------------------------------
[debug] [2022-09-14T10:23:31.200Z] Command:       /usr/local/bin/node /usr/local/bin/firebase init hosting
[debug] [2022-09-14T10:23:31.200Z] CLI Version:   11.9.0
[debug] [2022-09-14T10:23:31.200Z] Platform:      darwin
[debug] [2022-09-14T10:23:31.200Z] Node Version:  v16.17.0
[debug] [2022-09-14T10:23:31.201Z] Time:          Wed Sep 14 2022 15:53:31 GMT+0530 (India Standard Time)
[debug] [2022-09-14T10:23:31.201Z] ----------------------------------------------------------------------
[debug] 
[debug] [2022-09-14T10:23:31.248Z] > command requires scopes: ["email","openid","https://www.googleapis.com/auth/cloudplatformprojects.readonly","https://www.googleapis.com/auth/firebase","https://www.googleapis.com/auth/cloud-platform"]
[debug] [2022-09-14T10:23:31.248Z] > authorizing via signed-in user (tazammul1683@gmail.com)
[info] 
     ######## #### ########  ######## ########     ###     ######  ########
     ##        ##  ##     ## ##       ##     ##  ##   ##  ##       ##
     ######    ##  ########  ######   ########  #########  ######  ######
     ##        ##  ##    ##  ##       ##     ## ##     ##       ## ##
     ##       #### ##     ## ######## ########  ##     ##  ######  ########

You're about to initialize a Firebase project in this directory:

  /Users/tazammul/Desktop/Github projects/TM

Before we get started, keep in mind:

  * You are initializing within an existing Firebase project directory

[info] 
=== Project Setup
[info] 
[info] First, let's associate this project directory with a Firebase project.
[info] You can create multiple project aliases by running firebase use --add, 
[info] but for now we'll just set up a default project.
[info] 
[debug] [2022-09-14T10:23:31.251Z] Using project from CLI flag: typing-master-cdbc5
[debug] [2022-09-14T10:23:31.252Z] >>> [apiv2][query] GET https://firebase.googleapis.com/v1beta1/projects/typing-master-cdbc5 [none]
[debug] [2022-09-14T10:23:31.677Z] <<< [apiv2][status] GET https://firebase.googleapis.com/v1beta1/projects/typing-master-cdbc5 200
[debug] [2022-09-14T10:23:31.677Z] <<< [apiv2][body] GET https://firebase.googleapis.com/v1beta1/projects/typing-master-cdbc5 {"projectId":"typing-master-cdbc5","projectNumber":"789845915177","displayName":"speedy-fingers","name":"projects/typing-master-cdbc5","resources":{"hostingSite":"typing-master-cdbc5"},"state":"ACTIVE","etag":"1_b0a131e0-d945-47c0-ba88-13db28987bbc"}
[info] i  Using project typing-master-cdbc5 (speedy-fingers) 
[info] 
=== Hosting Setup
[info] 
[info] Your public directory is the folder (relative to your project directory) that
[info] will contain Hosting assets to be uploaded with firebase deploy. If you
[info] have a build process for your assets, use your build's output directory.
[info] 
